<?xml version="1.0" encoding="UTF-8"?>
<!-- Generated by org.testng.reporters.JUnitReportReporter -->
<testsuite skipped="0" hostname="Ravishankar" name="com.nopcommerce.testCases.TC_LoginTest_001" tests="1" failures="0" timestamp="09 Oct 2019 00:12:07 GMT" time="5.120" errors="0">
  <testcase name="loginTest" time="5.120" classname="com.nopcommerce.testCases.TC_LoginTest_001"/>
</testsuite> <!-- com.nopcommerce.testCases.TC_LoginTest_001 -->
